
Showing logs for build [32mvinseyn-environment-seerrazor-s-mknkb-1[0m stage [32mfrom-build-pack[0m and container [32mstep-credential-initializer-jx7nw[0m
{"level":"warn","ts":1578649481.916184,"logger":"fallback-logger","caller":"logging/config.go:69","msg":"Fetch GitHub commit ID from kodata failed: \"ref: refs/heads/0.8.0-**-support-backwards-incompats\" is not a valid GitHub commit ID"}
{"level":"info","ts":1578649481.9174333,"logger":"fallback-logger","caller":"creds-init/main.go:40","msg":"Credentials initialized."}

Showing logs for build [32mvinseyn-environment-seerrazor-s-mknkb-1[0m stage [32mfrom-build-pack[0m and container [32mstep-working-dir-initializer-g9bts[0m
{"level":"warn","ts":1578649482.8104277,"logger":"fallback-logger","caller":"logging/config.go:69","msg":"Fetch GitHub commit ID from kodata failed: open /var/run/ko/HEAD: no such file or directory"}
{"level":"info","ts":1578649482.8160322,"logger":"fallback-logger","caller":"bash/main.go:64","msg":"Successfully executed command \"sh -c mkdir -p /workspace/source\"; output "}

Showing logs for build [32mvinseyn-environment-seerrazor-s-mknkb-1[0m stage [32mfrom-build-pack[0m and container [32mstep-place-tools[0m

Showing logs for build [32mvinseyn-environment-seerrazor-s-mknkb-1[0m stage [32mfrom-build-pack[0m and container [32mstep-git-source-vinseyn-environment-seerrazor-s-wvcxz[0m
{"level":"warn","ts":1578649513.9217062,"logger":"fallback-logger","caller":"logging/config.go:69","msg":"Fetch GitHub commit ID from kodata failed: \"ref: refs/heads/0.8.0-**-support-backwards-incompats\" is not a valid GitHub commit ID"}
{"level":"info","ts":1578649514.9379675,"logger":"fallback-logger","caller":"git/git.go:103","msg":"Successfully cloned https://github.com/*******/environment-seerrazor-staging.git @ master in path /workspace/source"}

Showing logs for build [32mvinseyn-environment-seerrazor-s-mknkb-1[0m stage [32mfrom-build-pack[0m and container [32mstep-git-merge[0m
Using SHAs from PULL_REFS=master:443e6780b819966147f84e173ce37d6e8a6fd461,1:a3a2253cab824f6db24e5a2a776f4083f1ec67ae
DEBUG: ran git fetch --unshallow origin a3a2253cab824f6db24e5a2a776f4083f1ec67ae: 443e6780b819966147f84e173ce37d6e8a6fd461: in 
DEBUG: ran git checkout master in 
DEBUG: ran git reset --hard 443e6780b819966147f84e173ce37d6e8a6fd461 in 
DEBUG: ran clean --force -d . in 
DEBUG: ran git merge a3a2253cab824f6db24e5a2a776f4083f1ec67ae in 
Merged SHA a3a2253cab824f6db24e5a2a776f4083f1ec67ae with commit message 'chore: Promote first-test to version 0.0.1' into base branch master

Showing logs for build [32mvinseyn-environment-seerrazor-s-mknkb-1[0m stage [32mfrom-build-pack[0m and container [32mstep-build-helm-build[0m
WARNING: No $CHART_REPOSITORY defined so using the default value of: http://jenkins-x-chartmuseum:8080
Adding missing Helm repo: storage.googleapis.com https://storage.googleapis.com/chartmuseum.jenkins-x.io
Successfully added Helm repository storage.googleapis.com.
Adding missing Helm repo: jenkins-x-chartmuseum http://jenkins-x-chartmuseum:8080
Successfully added Helm repository jenkins-x-chartmuseum.
WARNING: No $CHART_REPOSITORY defined so using the default value of: http://jenkins-x-chartmuseum:8080
Adding missing Helm repo: chartmuseum.jenkins-x.io http://chartmuseum.jenkins-x.io
Successfully added Helm repository chartmuseum.jenkins-x.io.
